2023/11/03 02:58:07 [emerg] 8#8: "user" directive is not allowed here in /etc/nginx/conf.d/nginx.conf:2
2023/11/03 02:58:10 [emerg] 8#8: "user" directive is not allowed here in /etc/nginx/conf.d/nginx.conf:2
2023/11/03 02:58:13 [emerg] 9#9: "user" directive is not allowed here in /etc/nginx/conf.d/nginx.conf:2
2023/11/03 02:58:15 [emerg] 8#8: "user" directive is not allowed here in /etc/nginx/conf.d/nginx.conf:2
2023/11/03 02:58:17 [emerg] 8#8: "user" directive is not allowed here in /etc/nginx/conf.d/nginx.conf:2
2023/11/03 02:58:20 [emerg] 8#8: "user" directive is not allowed here in /etc/nginx/conf.d/nginx.conf:2
2023/11/03 02:58:24 [emerg] 8#8: "user" directive is not allowed here in /etc/nginx/conf.d/nginx.conf:2
2023/11/03 02:58:32 [emerg] 8#8: "user" directive is not allowed here in /etc/nginx/conf.d/nginx.conf:2
2023/11/03 02:58:46 [emerg] 8#8: "user" directive is not allowed here in /etc/nginx/conf.d/nginx.conf:2
2023/11/03 02:59:12 [emerg] 8#8: "user" directive is not allowed here in /etc/nginx/conf.d/nginx.conf:2
2023/11/03 03:00:05 [emerg] 8#8: "user" directive is not allowed here in /etc/nginx/conf.d/nginx.conf:2
2023/11/03 03:01:05 [notice] 8#8: using the "epoll" event method
2023/11/03 03:01:05 [notice] 8#8: nginx/1.25.3
2023/11/03 03:01:05 [notice] 8#8: built by gcc 12.2.0 (Debian 12.2.0-14) 
2023/11/03 03:01:05 [notice] 8#8: OS: Linux 5.10.16.3-microsoft-standard-WSL2
2023/11/03 03:01:05 [notice] 8#8: getrlimit(RLIMIT_NOFILE): 1048576:1048576
2023/11/03 03:01:05 [notice] 8#8: start worker processes
2023/11/03 03:01:05 [notice] 8#8: start worker process 10
2023/11/03 03:01:05 [notice] 8#8: start worker process 11
2023/11/03 03:01:05 [notice] 8#8: start worker process 12
2023/11/03 03:01:05 [notice] 8#8: start worker process 13
2023/11/03 03:01:05 [notice] 8#8: start worker process 14
2023/11/03 03:01:05 [notice] 8#8: start worker process 15
2023/11/03 03:01:05 [notice] 8#8: start worker process 16
2023/11/03 03:01:05 [notice] 8#8: start worker process 17
2023/11/03 03:01:05 [notice] 8#8: start worker process 18
2023/11/03 03:01:05 [notice] 8#8: start worker process 19
2023/11/03 03:01:05 [notice] 8#8: start worker process 20
2023/11/03 03:01:05 [notice] 8#8: start worker process 21
2023/11/03 03:01:05 [notice] 8#8: start worker process 22
2023/11/03 03:01:05 [notice] 8#8: start worker process 23
2023/11/03 03:01:05 [notice] 8#8: start worker process 24
2023/11/03 03:01:05 [notice] 8#8: start worker process 25
2023/11/03 03:01:05 [notice] 8#8: start worker process 26
2023/11/03 03:01:05 [notice] 8#8: start worker process 27
2023/11/03 03:01:05 [notice] 8#8: start worker process 28
2023/11/03 03:01:05 [notice] 8#8: start worker process 29
2023/11/03 03:01:05 [notice] 8#8: start worker process 30
2023/11/03 03:01:05 [notice] 8#8: start worker process 31
2023/11/03 03:01:05 [notice] 8#8: start worker process 32
2023/11/03 03:01:05 [notice] 8#8: start worker process 33
2023/11/03 03:01:05 [notice] 8#8: start worker process 34
2023/11/03 03:01:05 [notice] 8#8: start worker process 35
2023/11/03 03:01:05 [notice] 8#8: start worker process 36
2023/11/03 03:01:05 [notice] 8#8: start worker process 37
2023/11/03 03:01:05 [notice] 8#8: start worker process 38
2023/11/03 03:01:05 [notice] 8#8: start worker process 39
2023/11/03 03:01:05 [notice] 8#8: start worker process 40
2023/11/03 03:01:05 [notice] 8#8: start worker process 41
2023/11/03 03:02:15 [error] 15#15: *6 open() "/usr/share/nginx/html/favicon.ico" failed (2: No such file or directory), client: 172.19.0.1, server: localhost, request: "GET /favicon.ico HTTP/1.1", host: "localhost", referrer: "http://localhost/"
2023/11/03 03:06:00 [emerg] 8#8: "user" directive is not allowed here in /etc/nginx/conf.d/nginx.conf:2
2023/11/03 03:06:02 [emerg] 8#8: "user" directive is not allowed here in /etc/nginx/conf.d/nginx.conf:2
2023/11/03 03:06:04 [emerg] 8#8: "user" directive is not allowed here in /etc/nginx/conf.d/nginx.conf:2
2023/11/03 03:06:06 [emerg] 8#8: "user" directive is not allowed here in /etc/nginx/conf.d/nginx.conf:2
2023/11/03 03:06:08 [emerg] 8#8: "user" directive is not allowed here in /etc/nginx/conf.d/nginx.conf:2
2023/11/03 03:06:11 [emerg] 8#8: "user" directive is not allowed here in /etc/nginx/conf.d/nginx.conf:2
2023/11/03 03:06:15 [emerg] 8#8: "user" directive is not allowed here in /etc/nginx/conf.d/nginx.conf:2
2023/11/03 03:06:22 [emerg] 8#8: "user" directive is not allowed here in /etc/nginx/conf.d/nginx.conf:2
2023/11/03 03:06:36 [emerg] 8#8: "user" directive is not allowed here in /etc/nginx/conf.d/nginx.conf:2
2023/11/03 03:12:59 [notice] 8#8: using the "epoll" event method
2023/11/03 03:12:59 [notice] 8#8: nginx/1.25.3
2023/11/03 03:12:59 [notice] 8#8: built by gcc 12.2.0 (Debian 12.2.0-14) 
2023/11/03 03:12:59 [notice] 8#8: OS: Linux 5.10.16.3-microsoft-standard-WSL2
2023/11/03 03:12:59 [notice] 8#8: getrlimit(RLIMIT_NOFILE): 1048576:1048576
2023/11/03 03:12:59 [notice] 8#8: start worker processes
2023/11/03 03:12:59 [notice] 8#8: start worker process 10
2023/11/03 03:12:59 [notice] 8#8: start worker process 11
2023/11/03 03:12:59 [notice] 8#8: start worker process 12
2023/11/03 03:12:59 [notice] 8#8: start worker process 13
2023/11/03 03:12:59 [notice] 8#8: start worker process 14
2023/11/03 03:12:59 [notice] 8#8: start worker process 15
2023/11/03 03:12:59 [notice] 8#8: start worker process 16
2023/11/03 03:12:59 [notice] 8#8: start worker process 17
2023/11/03 03:12:59 [notice] 8#8: start worker process 18
2023/11/03 03:12:59 [notice] 8#8: start worker process 19
2023/11/03 03:12:59 [notice] 8#8: start worker process 20
2023/11/03 03:12:59 [notice] 8#8: start worker process 21
2023/11/03 03:12:59 [notice] 8#8: start worker process 22
2023/11/03 03:12:59 [notice] 8#8: start worker process 23
2023/11/03 03:12:59 [notice] 8#8: start worker process 24
2023/11/03 03:12:59 [notice] 8#8: start worker process 25
2023/11/03 03:12:59 [notice] 8#8: start worker process 26
2023/11/03 03:12:59 [notice] 8#8: start worker process 27
2023/11/03 03:12:59 [notice] 8#8: start worker process 28
2023/11/03 03:12:59 [notice] 8#8: start worker process 29
2023/11/03 03:12:59 [notice] 8#8: start worker process 30
2023/11/03 03:12:59 [notice] 8#8: start worker process 31
2023/11/03 03:12:59 [notice] 8#8: start worker process 32
2023/11/03 03:12:59 [notice] 8#8: start worker process 33
2023/11/03 03:12:59 [notice] 8#8: start worker process 34
2023/11/03 03:12:59 [notice] 8#8: start worker process 35
2023/11/03 03:12:59 [notice] 8#8: start worker process 36
2023/11/03 03:12:59 [notice] 8#8: start worker process 37
2023/11/03 03:12:59 [notice] 8#8: start worker process 38
2023/11/03 03:12:59 [notice] 8#8: start worker process 39
2023/11/03 03:12:59 [notice] 8#8: start worker process 40
2023/11/03 03:12:59 [notice] 8#8: start worker process 41
2023/11/03 06:39:15 [notice] 8#8: using the "epoll" event method
2023/11/03 06:39:15 [notice] 8#8: nginx/1.25.3
2023/11/03 06:39:15 [notice] 8#8: built by gcc 12.2.0 (Debian 12.2.0-14) 
2023/11/03 06:39:15 [notice] 8#8: OS: Linux 5.10.16.3-microsoft-standard-WSL2
2023/11/03 06:39:15 [notice] 8#8: getrlimit(RLIMIT_NOFILE): 1048576:1048576
2023/11/03 06:39:15 [notice] 8#8: start worker processes
2023/11/03 06:39:15 [notice] 8#8: start worker process 10
2023/11/03 06:39:15 [notice] 8#8: start worker process 11
2023/11/03 06:39:15 [notice] 8#8: start worker process 12
2023/11/03 06:39:15 [notice] 8#8: start worker process 13
2023/11/03 06:39:15 [notice] 8#8: start worker process 14
2023/11/03 06:39:15 [notice] 8#8: start worker process 15
2023/11/03 06:39:15 [notice] 8#8: start worker process 16
2023/11/03 06:39:15 [notice] 8#8: start worker process 17
2023/11/03 06:39:15 [notice] 8#8: start worker process 18
2023/11/03 06:39:15 [notice] 8#8: start worker process 19
2023/11/03 06:39:15 [notice] 8#8: start worker process 20
2023/11/03 06:39:15 [notice] 8#8: start worker process 21
2023/11/03 06:39:15 [notice] 8#8: start worker process 22
2023/11/03 06:39:15 [notice] 8#8: start worker process 23
2023/11/03 06:39:15 [notice] 8#8: start worker process 24
2023/11/03 06:39:15 [notice] 8#8: start worker process 25
2023/11/03 06:39:15 [notice] 8#8: start worker process 26
2023/11/03 06:39:15 [notice] 8#8: start worker process 27
2023/11/03 06:39:15 [notice] 8#8: start worker process 28
2023/11/03 06:39:15 [notice] 8#8: start worker process 29
2023/11/03 06:39:15 [notice] 8#8: start worker process 30
2023/11/03 06:39:15 [notice] 8#8: start worker process 31
2023/11/03 06:39:15 [notice] 8#8: start worker process 32
2023/11/03 06:39:15 [notice] 8#8: start worker process 33
2023/11/03 06:39:15 [notice] 8#8: start worker process 34
2023/11/03 06:39:15 [notice] 8#8: start worker process 35
2023/11/03 06:39:15 [notice] 8#8: start worker process 36
2023/11/03 06:39:15 [notice] 8#8: start worker process 37
2023/11/03 06:39:15 [notice] 8#8: start worker process 38
2023/11/03 06:39:15 [notice] 8#8: start worker process 39
2023/11/03 06:39:15 [notice] 8#8: start worker process 40
2023/11/03 06:39:15 [notice] 8#8: start worker process 41
2023/11/03 06:40:28 [error] 12#12: *3 open() "/usr/share/nginx/html/favicon.ico" failed (2: No such file or directory), client: 172.21.0.1, server: localhost, request: "GET /favicon.ico HTTP/1.1", host: "localhost", referrer: "http://localhost/"
2023/11/03 06:42:00 [notice] 8#8: using the "epoll" event method
2023/11/03 06:42:00 [notice] 8#8: nginx/1.25.3
2023/11/03 06:42:00 [notice] 8#8: built by gcc 12.2.0 (Debian 12.2.0-14) 
2023/11/03 06:42:00 [notice] 8#8: OS: Linux 5.10.16.3-microsoft-standard-WSL2
2023/11/03 06:42:00 [notice] 8#8: getrlimit(RLIMIT_NOFILE): 1048576:1048576
2023/11/03 06:42:00 [notice] 8#8: start worker processes
2023/11/03 06:42:00 [notice] 8#8: start worker process 10
2023/11/03 06:42:00 [notice] 8#8: start worker process 11
2023/11/03 06:42:00 [notice] 8#8: start worker process 12
2023/11/03 06:42:00 [notice] 8#8: start worker process 13
2023/11/03 06:42:00 [notice] 8#8: start worker process 14
2023/11/03 06:42:00 [notice] 8#8: start worker process 15
2023/11/03 06:42:00 [notice] 8#8: start worker process 16
2023/11/03 06:42:00 [notice] 8#8: start worker process 17
2023/11/03 06:42:00 [notice] 8#8: start worker process 18
2023/11/03 06:42:00 [notice] 8#8: start worker process 19
2023/11/03 06:42:00 [notice] 8#8: start worker process 20
2023/11/03 06:42:00 [notice] 8#8: start worker process 21
2023/11/03 06:42:00 [notice] 8#8: start worker process 22
2023/11/03 06:42:00 [notice] 8#8: start worker process 23
2023/11/03 06:42:00 [notice] 8#8: start worker process 24
2023/11/03 06:42:00 [notice] 8#8: start worker process 25
2023/11/03 06:42:00 [notice] 8#8: start worker process 26
2023/11/03 06:42:00 [notice] 8#8: start worker process 27
2023/11/03 06:42:00 [notice] 8#8: start worker process 28
2023/11/03 06:42:00 [notice] 8#8: start worker process 29
2023/11/03 06:42:00 [notice] 8#8: start worker process 30
2023/11/03 06:42:00 [notice] 8#8: start worker process 31
2023/11/03 06:42:00 [notice] 8#8: start worker process 32
2023/11/03 06:42:00 [notice] 8#8: start worker process 33
2023/11/03 06:42:00 [notice] 8#8: start worker process 34
2023/11/03 06:42:00 [notice] 8#8: start worker process 35
2023/11/03 06:42:00 [notice] 8#8: start worker process 36
2023/11/03 06:42:00 [notice] 8#8: start worker process 37
2023/11/03 06:42:00 [notice] 8#8: start worker process 38
2023/11/03 06:42:00 [notice] 8#8: start worker process 39
2023/11/03 06:42:00 [notice] 8#8: start worker process 40
2023/11/03 06:42:00 [notice] 8#8: start worker process 41
2023/11/03 07:09:53 [notice] 8#8: using the "epoll" event method
2023/11/03 07:09:53 [notice] 8#8: nginx/1.25.3
2023/11/03 07:09:53 [notice] 8#8: built by gcc 12.2.0 (Debian 12.2.0-14) 
2023/11/03 07:09:53 [notice] 8#8: OS: Linux 5.10.16.3-microsoft-standard-WSL2
2023/11/03 07:09:53 [notice] 8#8: getrlimit(RLIMIT_NOFILE): 1048576:1048576
2023/11/03 07:09:53 [notice] 8#8: start worker processes
2023/11/03 07:09:53 [notice] 8#8: start worker process 10
2023/11/03 07:09:53 [notice] 8#8: start worker process 11
2023/11/03 07:09:53 [notice] 8#8: start worker process 12
2023/11/03 07:09:53 [notice] 8#8: start worker process 13
2023/11/03 07:09:53 [notice] 8#8: start worker process 14
2023/11/03 07:09:53 [notice] 8#8: start worker process 15
2023/11/03 07:09:53 [notice] 8#8: start worker process 16
2023/11/03 07:09:53 [notice] 8#8: start worker process 17
2023/11/03 07:09:53 [notice] 8#8: start worker process 18
2023/11/03 07:09:53 [notice] 8#8: start worker process 19
2023/11/03 07:09:53 [notice] 8#8: start worker process 20
2023/11/03 07:09:53 [notice] 8#8: start worker process 21
2023/11/03 07:09:53 [notice] 8#8: start worker process 22
2023/11/03 07:09:53 [notice] 8#8: start worker process 23
2023/11/03 07:09:53 [notice] 8#8: start worker process 24
2023/11/03 07:09:53 [notice] 8#8: start worker process 25
2023/11/03 07:09:53 [notice] 8#8: start worker process 26
2023/11/03 07:09:53 [notice] 8#8: start worker process 27
2023/11/03 07:09:53 [notice] 8#8: start worker process 28
2023/11/03 07:09:53 [notice] 8#8: start worker process 29
2023/11/03 07:09:53 [notice] 8#8: start worker process 30
2023/11/03 07:09:53 [notice] 8#8: start worker process 31
2023/11/03 07:09:53 [notice] 8#8: start worker process 32
2023/11/03 07:09:53 [notice] 8#8: start worker process 33
2023/11/03 07:09:53 [notice] 8#8: start worker process 34
2023/11/03 07:09:53 [notice] 8#8: start worker process 35
2023/11/03 07:09:53 [notice] 8#8: start worker process 36
2023/11/03 07:09:53 [notice] 8#8: start worker process 37
2023/11/03 07:09:53 [notice] 8#8: start worker process 38
2023/11/03 07:09:53 [notice] 8#8: start worker process 39
2023/11/03 07:09:53 [notice] 8#8: start worker process 40
2023/11/03 07:09:53 [notice] 8#8: start worker process 41
2023/11/03 07:10:54 [error] 14#14: *5 open() "/usr/share/nginx/html/favicon.ico" failed (2: No such file or directory), client: 172.22.0.1, server: localhost, request: "GET /favicon.ico HTTP/1.1", host: "localhost", referrer: "http://localhost/"
2023/11/03 07:12:21 [notice] 8#8: using the "epoll" event method
2023/11/03 07:12:21 [notice] 8#8: nginx/1.25.3
2023/11/03 07:12:21 [notice] 8#8: built by gcc 12.2.0 (Debian 12.2.0-14) 
2023/11/03 07:12:21 [notice] 8#8: OS: Linux 5.10.16.3-microsoft-standard-WSL2
2023/11/03 07:12:21 [notice] 8#8: getrlimit(RLIMIT_NOFILE): 1048576:1048576
2023/11/03 07:12:21 [notice] 8#8: start worker processes
2023/11/03 07:12:21 [notice] 8#8: start worker process 10
2023/11/03 07:12:21 [notice] 8#8: start worker process 11
2023/11/03 07:12:21 [notice] 8#8: start worker process 12
2023/11/03 07:12:21 [notice] 8#8: start worker process 13
2023/11/03 07:12:21 [notice] 8#8: start worker process 14
2023/11/03 07:12:21 [notice] 8#8: start worker process 15
2023/11/03 07:12:21 [notice] 8#8: start worker process 16
2023/11/03 07:12:21 [notice] 8#8: start worker process 17
2023/11/03 07:12:21 [notice] 8#8: start worker process 18
2023/11/03 07:12:21 [notice] 8#8: start worker process 19
2023/11/03 07:12:21 [notice] 8#8: start worker process 20
2023/11/03 07:12:21 [notice] 8#8: start worker process 21
2023/11/03 07:12:21 [notice] 8#8: start worker process 22
2023/11/03 07:12:21 [notice] 8#8: start worker process 23
2023/11/03 07:12:21 [notice] 8#8: start worker process 24
2023/11/03 07:12:21 [notice] 8#8: start worker process 25
2023/11/03 07:12:21 [notice] 8#8: start worker process 26
2023/11/03 07:12:21 [notice] 8#8: start worker process 27
2023/11/03 07:12:21 [notice] 8#8: start worker process 28
2023/11/03 07:12:21 [notice] 8#8: start worker process 29
2023/11/03 07:12:21 [notice] 8#8: start worker process 30
2023/11/03 07:12:21 [notice] 8#8: start worker process 31
2023/11/03 07:12:21 [notice] 8#8: start worker process 32
2023/11/03 07:12:21 [notice] 8#8: start worker process 33
2023/11/03 07:12:21 [notice] 8#8: start worker process 34
2023/11/03 07:12:21 [notice] 8#8: start worker process 35
2023/11/03 07:12:21 [notice] 8#8: start worker process 36
2023/11/03 07:12:21 [notice] 8#8: start worker process 37
2023/11/03 07:12:21 [notice] 8#8: start worker process 38
2023/11/03 07:12:21 [notice] 8#8: start worker process 39
2023/11/03 07:12:21 [notice] 8#8: start worker process 40
2023/11/03 07:12:21 [notice] 8#8: start worker process 41
2023/11/03 07:17:17 [emerg] 8#8: "user" directive is not allowed here in /etc/nginx/conf.d/default.conf:2
2023/11/03 07:17:19 [emerg] 8#8: "user" directive is not allowed here in /etc/nginx/conf.d/default.conf:2
2023/11/03 07:17:21 [emerg] 8#8: "user" directive is not allowed here in /etc/nginx/conf.d/default.conf:2
2023/11/03 07:17:23 [emerg] 8#8: "user" directive is not allowed here in /etc/nginx/conf.d/default.conf:2
2023/11/03 07:17:25 [emerg] 8#8: "user" directive is not allowed here in /etc/nginx/conf.d/default.conf:2
2023/11/03 07:17:28 [emerg] 8#8: "user" directive is not allowed here in /etc/nginx/conf.d/default.conf:2
2023/11/03 07:17:32 [emerg] 7#7: "user" directive is not allowed here in /etc/nginx/conf.d/default.conf:2
2023/11/03 07:17:40 [emerg] 8#8: "user" directive is not allowed here in /etc/nginx/conf.d/default.conf:2
2023/11/03 07:17:56 [notice] 8#8: using the "epoll" event method
2023/11/03 07:17:56 [notice] 8#8: nginx/1.25.3
2023/11/03 07:17:56 [notice] 8#8: built by gcc 12.2.0 (Debian 12.2.0-14) 
2023/11/03 07:17:56 [notice] 8#8: OS: Linux 5.10.16.3-microsoft-standard-WSL2
2023/11/03 07:17:56 [notice] 8#8: getrlimit(RLIMIT_NOFILE): 1048576:1048576
2023/11/03 07:17:56 [notice] 8#8: start worker processes
2023/11/03 07:17:56 [notice] 8#8: start worker process 10
2023/11/03 07:17:56 [notice] 8#8: start worker process 11
2023/11/03 07:17:56 [notice] 8#8: start worker process 12
2023/11/03 07:17:56 [notice] 8#8: start worker process 13
2023/11/03 07:17:56 [notice] 8#8: start worker process 14
2023/11/03 07:17:56 [notice] 8#8: start worker process 15
2023/11/03 07:17:56 [notice] 8#8: start worker process 16
2023/11/03 07:17:56 [notice] 8#8: start worker process 17
2023/11/03 07:17:56 [notice] 8#8: start worker process 18
2023/11/03 07:17:56 [notice] 8#8: start worker process 19
2023/11/03 07:17:56 [notice] 8#8: start worker process 20
2023/11/03 07:17:56 [notice] 8#8: start worker process 21
2023/11/03 07:17:56 [notice] 8#8: start worker process 22
2023/11/03 07:17:56 [notice] 8#8: start worker process 23
2023/11/03 07:17:56 [notice] 8#8: start worker process 24
2023/11/03 07:17:56 [notice] 8#8: start worker process 25
2023/11/03 07:17:56 [notice] 8#8: start worker process 26
2023/11/03 07:17:56 [notice] 8#8: start worker process 27
2023/11/03 07:17:56 [notice] 8#8: start worker process 28
2023/11/03 07:17:56 [notice] 8#8: start worker process 29
2023/11/03 07:17:56 [notice] 8#8: start worker process 30
2023/11/03 07:17:56 [notice] 8#8: start worker process 31
2023/11/03 07:17:56 [notice] 8#8: start worker process 32
2023/11/03 07:17:56 [notice] 8#8: start worker process 33
2023/11/03 07:17:56 [notice] 8#8: start worker process 34
2023/11/03 07:17:56 [notice] 8#8: start worker process 35
2023/11/03 07:17:56 [notice] 8#8: start worker process 36
2023/11/03 07:17:56 [notice] 8#8: start worker process 37
2023/11/03 07:17:56 [notice] 8#8: start worker process 38
2023/11/03 07:17:56 [notice] 8#8: start worker process 39
2023/11/03 07:17:56 [notice] 8#8: start worker process 40
2023/11/03 07:17:56 [notice] 8#8: start worker process 41
2023/11/03 07:18:53 [notice] 8#8: using the "epoll" event method
2023/11/03 07:18:53 [notice] 8#8: nginx/1.25.3
2023/11/03 07:18:53 [notice] 8#8: built by gcc 12.2.0 (Debian 12.2.0-14) 
2023/11/03 07:18:53 [notice] 8#8: OS: Linux 5.10.16.3-microsoft-standard-WSL2
2023/11/03 07:18:53 [notice] 8#8: getrlimit(RLIMIT_NOFILE): 1048576:1048576
2023/11/03 07:18:53 [notice] 8#8: start worker processes
2023/11/03 07:18:53 [notice] 8#8: start worker process 10
2023/11/03 07:18:53 [notice] 8#8: start worker process 11
2023/11/03 07:18:53 [notice] 8#8: start worker process 12
2023/11/03 07:18:53 [notice] 8#8: start worker process 13
2023/11/03 07:18:53 [notice] 8#8: start worker process 14
2023/11/03 07:18:53 [notice] 8#8: start worker process 15
2023/11/03 07:18:53 [notice] 8#8: start worker process 16
2023/11/03 07:18:53 [notice] 8#8: start worker process 17
2023/11/03 07:18:53 [notice] 8#8: start worker process 18
2023/11/03 07:18:53 [notice] 8#8: start worker process 19
2023/11/03 07:18:53 [notice] 8#8: start worker process 20
2023/11/03 07:18:53 [notice] 8#8: start worker process 21
2023/11/03 07:18:53 [notice] 8#8: start worker process 22
2023/11/03 07:18:53 [notice] 8#8: start worker process 23
2023/11/03 07:18:53 [notice] 8#8: start worker process 24
2023/11/03 07:18:53 [notice] 8#8: start worker process 25
2023/11/03 07:18:53 [notice] 8#8: start worker process 26
2023/11/03 07:18:53 [notice] 8#8: start worker process 27
2023/11/03 07:18:53 [notice] 8#8: start worker process 28
2023/11/03 07:18:53 [notice] 8#8: start worker process 29
2023/11/03 07:18:53 [notice] 8#8: start worker process 30
2023/11/03 07:18:53 [notice] 8#8: start worker process 31
2023/11/03 07:18:53 [notice] 8#8: start worker process 32
2023/11/03 07:18:53 [notice] 8#8: start worker process 33
2023/11/03 07:18:53 [notice] 8#8: start worker process 34
2023/11/03 07:18:53 [notice] 8#8: start worker process 35
2023/11/03 07:18:53 [notice] 8#8: start worker process 36
2023/11/03 07:18:53 [notice] 8#8: start worker process 37
2023/11/03 07:18:53 [notice] 8#8: start worker process 38
2023/11/03 07:18:53 [notice] 8#8: start worker process 39
2023/11/03 07:18:53 [notice] 8#8: start worker process 40
2023/11/03 07:18:53 [notice] 8#8: start worker process 41
2023/11/03 07:19:41 [notice] 8#8: using the "epoll" event method
2023/11/03 07:19:41 [notice] 8#8: nginx/1.25.3
2023/11/03 07:19:41 [notice] 8#8: built by gcc 12.2.0 (Debian 12.2.0-14) 
2023/11/03 07:19:41 [notice] 8#8: OS: Linux 5.10.16.3-microsoft-standard-WSL2
2023/11/03 07:19:41 [notice] 8#8: getrlimit(RLIMIT_NOFILE): 1048576:1048576
2023/11/03 07:19:41 [notice] 8#8: start worker processes
2023/11/03 07:19:41 [notice] 8#8: start worker process 10
2023/11/03 07:19:41 [notice] 8#8: start worker process 11
2023/11/03 07:19:41 [notice] 8#8: start worker process 12
2023/11/03 07:19:41 [notice] 8#8: start worker process 13
2023/11/03 07:19:41 [notice] 8#8: start worker process 14
2023/11/03 07:19:41 [notice] 8#8: start worker process 15
2023/11/03 07:19:41 [notice] 8#8: start worker process 16
2023/11/03 07:19:41 [notice] 8#8: start worker process 17
2023/11/03 07:19:41 [notice] 8#8: start worker process 18
2023/11/03 07:19:41 [notice] 8#8: start worker process 19
2023/11/03 07:19:41 [notice] 8#8: start worker process 20
2023/11/03 07:19:41 [notice] 8#8: start worker process 21
2023/11/03 07:19:41 [notice] 8#8: start worker process 22
2023/11/03 07:19:41 [notice] 8#8: start worker process 23
2023/11/03 07:19:41 [notice] 8#8: start worker process 24
2023/11/03 07:19:41 [notice] 8#8: start worker process 25
2023/11/03 07:19:41 [notice] 8#8: start worker process 26
2023/11/03 07:19:41 [notice] 8#8: start worker process 27
2023/11/03 07:19:41 [notice] 8#8: start worker process 28
2023/11/03 07:19:41 [notice] 8#8: start worker process 29
2023/11/03 07:19:41 [notice] 8#8: start worker process 30
2023/11/03 07:19:41 [notice] 8#8: start worker process 31
2023/11/03 07:19:41 [notice] 8#8: start worker process 32
2023/11/03 07:19:41 [notice] 8#8: start worker process 33
2023/11/03 07:19:41 [notice] 8#8: start worker process 34
2023/11/03 07:19:41 [notice] 8#8: start worker process 35
2023/11/03 07:19:41 [notice] 8#8: start worker process 36
2023/11/03 07:19:41 [notice] 8#8: start worker process 37
2023/11/03 07:19:41 [notice] 8#8: start worker process 38
2023/11/03 07:19:41 [notice] 8#8: start worker process 39
2023/11/03 07:19:41 [notice] 8#8: start worker process 40
2023/11/03 07:19:41 [notice] 8#8: start worker process 41
2023/11/03 07:20:28 [notice] 7#7: using the "epoll" event method
2023/11/03 07:20:28 [notice] 7#7: nginx/1.25.3
2023/11/03 07:20:28 [notice] 7#7: built by gcc 12.2.0 (Debian 12.2.0-14) 
2023/11/03 07:20:28 [notice] 7#7: OS: Linux 5.10.16.3-microsoft-standard-WSL2
2023/11/03 07:20:28 [notice] 7#7: getrlimit(RLIMIT_NOFILE): 1048576:1048576
2023/11/03 07:20:28 [notice] 7#7: start worker processes
2023/11/03 07:20:28 [notice] 7#7: start worker process 9
2023/11/03 07:20:28 [notice] 7#7: start worker process 10
2023/11/03 07:20:28 [notice] 7#7: start worker process 11
2023/11/03 07:20:28 [notice] 7#7: start worker process 12
2023/11/03 07:20:28 [notice] 7#7: start worker process 13
2023/11/03 07:20:28 [notice] 7#7: start worker process 14
2023/11/03 07:20:28 [notice] 7#7: start worker process 15
2023/11/03 07:20:28 [notice] 7#7: start worker process 16
2023/11/03 07:20:28 [notice] 7#7: start worker process 17
2023/11/03 07:20:28 [notice] 7#7: start worker process 18
2023/11/03 07:20:28 [notice] 7#7: start worker process 19
2023/11/03 07:20:28 [notice] 7#7: start worker process 20
2023/11/03 07:20:28 [notice] 7#7: start worker process 21
2023/11/03 07:20:28 [notice] 7#7: start worker process 22
2023/11/03 07:20:28 [notice] 7#7: start worker process 23
2023/11/03 07:20:28 [notice] 7#7: start worker process 24
2023/11/03 07:20:28 [notice] 7#7: start worker process 25
2023/11/03 07:20:28 [notice] 7#7: start worker process 26
2023/11/03 07:20:28 [notice] 7#7: start worker process 27
2023/11/03 07:20:28 [notice] 7#7: start worker process 28
2023/11/03 07:20:28 [notice] 7#7: start worker process 29
2023/11/03 07:20:28 [notice] 7#7: start worker process 30
2023/11/03 07:20:28 [notice] 7#7: start worker process 31
2023/11/03 07:20:28 [notice] 7#7: start worker process 32
2023/11/03 07:20:28 [notice] 7#7: start worker process 33
2023/11/03 07:20:28 [notice] 7#7: start worker process 34
2023/11/03 07:20:28 [notice] 7#7: start worker process 35
2023/11/03 07:20:28 [notice] 7#7: start worker process 36
2023/11/03 07:20:28 [notice] 7#7: start worker process 37
2023/11/03 07:20:28 [notice] 7#7: start worker process 38
2023/11/03 07:20:28 [notice] 7#7: start worker process 39
2023/11/03 07:20:28 [notice] 7#7: start worker process 40
2023/11/03 07:22:58 [notice] 8#8: using the "epoll" event method
2023/11/03 07:22:58 [notice] 8#8: nginx/1.25.3
2023/11/03 07:22:58 [notice] 8#8: built by gcc 12.2.0 (Debian 12.2.0-14) 
2023/11/03 07:22:58 [notice] 8#8: OS: Linux 5.10.16.3-microsoft-standard-WSL2
2023/11/03 07:22:58 [notice] 8#8: getrlimit(RLIMIT_NOFILE): 1048576:1048576
2023/11/03 07:22:58 [notice] 8#8: start worker processes
2023/11/03 07:22:58 [notice] 8#8: start worker process 10
2023/11/03 07:22:58 [notice] 8#8: start worker process 11
2023/11/03 07:22:58 [notice] 8#8: start worker process 12
2023/11/03 07:22:58 [notice] 8#8: start worker process 13
2023/11/03 07:22:58 [notice] 8#8: start worker process 14
2023/11/03 07:22:58 [notice] 8#8: start worker process 15
2023/11/03 07:22:58 [notice] 8#8: start worker process 16
2023/11/03 07:22:58 [notice] 8#8: start worker process 17
2023/11/03 07:22:58 [notice] 8#8: start worker process 18
2023/11/03 07:22:58 [notice] 8#8: start worker process 19
2023/11/03 07:22:58 [notice] 8#8: start worker process 20
2023/11/03 07:22:58 [notice] 8#8: start worker process 21
2023/11/03 07:22:58 [notice] 8#8: start worker process 22
2023/11/03 07:22:58 [notice] 8#8: start worker process 23
2023/11/03 07:22:58 [notice] 8#8: start worker process 24
2023/11/03 07:22:58 [notice] 8#8: start worker process 25
2023/11/03 07:22:58 [notice] 8#8: start worker process 26
2023/11/03 07:22:58 [notice] 8#8: start worker process 27
2023/11/03 07:22:58 [notice] 8#8: start worker process 28
2023/11/03 07:22:58 [notice] 8#8: start worker process 29
2023/11/03 07:22:58 [notice] 8#8: start worker process 30
2023/11/03 07:22:58 [notice] 8#8: start worker process 31
2023/11/03 07:22:58 [notice] 8#8: start worker process 32
2023/11/03 07:22:58 [notice] 8#8: start worker process 33
2023/11/03 07:22:58 [notice] 8#8: start worker process 34
2023/11/03 07:22:58 [notice] 8#8: start worker process 35
2023/11/03 07:22:58 [notice] 8#8: start worker process 36
2023/11/03 07:22:58 [notice] 8#8: start worker process 37
2023/11/03 07:22:58 [notice] 8#8: start worker process 38
2023/11/03 07:22:58 [notice] 8#8: start worker process 39
2023/11/03 07:22:58 [notice] 8#8: start worker process 40
2023/11/03 07:22:58 [notice] 8#8: start worker process 41
2023/11/03 07:24:21 [warn] 16#16: *8 a client request body is buffered to a temporary file /var/cache/nginx/client_temp/0000000001, client: 172.26.0.1, server: o-ogo.ru, request: "POST /allUsers/1/edit?_csrf=%24%7B_csrf.token%7D HTTP/1.1", host: "localhost", referrer: "http://localhost/allUsers/1/edit?_csrf=%24%7B_csrf.token%7D"
2023/11/03 07:25:52 [notice] 8#8: using the "epoll" event method
2023/11/03 07:25:52 [notice] 8#8: nginx/1.25.3
2023/11/03 07:25:52 [notice] 8#8: built by gcc 12.2.0 (Debian 12.2.0-14) 
2023/11/03 07:25:52 [notice] 8#8: OS: Linux 5.10.16.3-microsoft-standard-WSL2
2023/11/03 07:25:52 [notice] 8#8: getrlimit(RLIMIT_NOFILE): 1048576:1048576
2023/11/03 07:25:52 [notice] 8#8: start worker processes
2023/11/03 07:25:52 [notice] 8#8: start worker process 10
2023/11/03 07:25:52 [notice] 8#8: start worker process 11
2023/11/03 07:25:52 [notice] 8#8: start worker process 12
2023/11/03 07:25:52 [notice] 8#8: start worker process 13
2023/11/03 07:25:52 [notice] 8#8: start worker process 14
2023/11/03 07:25:52 [notice] 8#8: start worker process 15
2023/11/03 07:25:52 [notice] 8#8: start worker process 16
2023/11/03 07:25:52 [notice] 8#8: start worker process 17
2023/11/03 07:25:52 [notice] 8#8: start worker process 18
2023/11/03 07:25:52 [notice] 8#8: start worker process 19
2023/11/03 07:25:52 [notice] 8#8: start worker process 20
2023/11/03 07:25:52 [notice] 8#8: start worker process 21
2023/11/03 07:25:52 [notice] 8#8: start worker process 22
2023/11/03 07:25:52 [notice] 8#8: start worker process 23
2023/11/03 07:25:52 [notice] 8#8: start worker process 24
2023/11/03 07:25:52 [notice] 8#8: start worker process 25
2023/11/03 07:25:52 [notice] 8#8: start worker process 26
2023/11/03 07:25:52 [notice] 8#8: start worker process 27
2023/11/03 07:25:52 [notice] 8#8: start worker process 28
2023/11/03 07:25:52 [notice] 8#8: start worker process 29
2023/11/03 07:25:52 [notice] 8#8: start worker process 30
2023/11/03 07:25:52 [notice] 8#8: start worker process 31
2023/11/03 07:25:52 [notice] 8#8: start worker process 32
2023/11/03 07:25:52 [notice] 8#8: start worker process 33
2023/11/03 07:25:52 [notice] 8#8: start worker process 34
2023/11/03 07:25:52 [notice] 8#8: start worker process 35
2023/11/03 07:25:52 [notice] 8#8: start worker process 36
2023/11/03 07:25:52 [notice] 8#8: start worker process 37
2023/11/03 07:25:52 [notice] 8#8: start worker process 38
2023/11/03 07:25:52 [notice] 8#8: start worker process 39
2023/11/03 07:25:52 [notice] 8#8: start worker process 40
2023/11/03 07:25:52 [notice] 8#8: start worker process 41
2023/11/03 07:25:52 [error] 10#10: *1 connect() failed (111: Connection refused) while connecting to upstream, client: 172.26.0.1, server: o-ogo.ru, request: "GET /admin HTTP/1.1", upstream: "http://172.26.0.4:8080/admin", host: "localhost", referrer: "http://localhost/allUsers"
2023/11/03 07:32:03 [notice] 8#8: using the "epoll" event method
2023/11/03 07:32:03 [notice] 8#8: nginx/1.25.3
2023/11/03 07:32:03 [notice] 8#8: built by gcc 12.2.0 (Debian 12.2.0-14) 
2023/11/03 07:32:03 [notice] 8#8: OS: Linux 5.10.16.3-microsoft-standard-WSL2
2023/11/03 07:32:03 [notice] 8#8: getrlimit(RLIMIT_NOFILE): 1048576:1048576
2023/11/03 07:32:03 [notice] 8#8: start worker processes
2023/11/03 07:32:03 [notice] 8#8: start worker process 10
2023/11/03 07:32:03 [notice] 8#8: start worker process 11
2023/11/03 07:32:03 [notice] 8#8: start worker process 12
2023/11/03 07:32:03 [notice] 8#8: start worker process 13
2023/11/03 07:32:03 [notice] 8#8: start worker process 14
2023/11/03 07:32:03 [notice] 8#8: start worker process 15
2023/11/03 07:32:03 [notice] 8#8: start worker process 16
2023/11/03 07:32:03 [notice] 8#8: start worker process 17
2023/11/03 07:32:03 [notice] 8#8: start worker process 18
2023/11/03 07:32:03 [notice] 8#8: start worker process 19
2023/11/03 07:32:03 [notice] 8#8: start worker process 20
2023/11/03 07:32:03 [notice] 8#8: start worker process 21
2023/11/03 07:32:03 [notice] 8#8: start worker process 22
2023/11/03 07:32:03 [notice] 8#8: start worker process 23
2023/11/03 07:32:03 [notice] 8#8: start worker process 24
2023/11/03 07:32:03 [notice] 8#8: start worker process 25
2023/11/03 07:32:03 [notice] 8#8: start worker process 26
2023/11/03 07:32:03 [notice] 8#8: start worker process 27
2023/11/03 07:32:03 [notice] 8#8: start worker process 28
2023/11/03 07:32:03 [notice] 8#8: start worker process 29
2023/11/03 07:32:03 [notice] 8#8: start worker process 30
2023/11/03 07:32:03 [notice] 8#8: start worker process 31
2023/11/03 07:32:03 [notice] 8#8: start worker process 32
2023/11/03 07:32:03 [notice] 8#8: start worker process 33
2023/11/03 07:32:03 [notice] 8#8: start worker process 34
2023/11/03 07:32:03 [notice] 8#8: start worker process 35
2023/11/03 07:32:03 [notice] 8#8: start worker process 36
2023/11/03 07:32:03 [notice] 8#8: start worker process 37
2023/11/03 07:32:03 [notice] 8#8: start worker process 38
2023/11/03 07:32:03 [notice] 8#8: start worker process 39
2023/11/03 07:32:03 [notice] 8#8: start worker process 40
2023/11/03 07:32:03 [notice] 8#8: start worker process 41
2023/11/03 07:32:08 [error] 13#13: *4 connect() failed (111: Connection refused) while connecting to upstream, client: 172.27.0.1, server: o-ogo.ru, request: "GET /admin HTTP/1.1", upstream: "http://172.27.0.4:8080/admin", host: "localhost", referrer: "http://localhost/allUsers"
2023/11/03 07:34:57 [notice] 8#8: using the "epoll" event method
2023/11/03 07:34:57 [notice] 8#8: nginx/1.25.3
2023/11/03 07:34:57 [notice] 8#8: built by gcc 12.2.0 (Debian 12.2.0-14) 
2023/11/03 07:34:57 [notice] 8#8: OS: Linux 5.10.16.3-microsoft-standard-WSL2
2023/11/03 07:34:57 [notice] 8#8: getrlimit(RLIMIT_NOFILE): 1048576:1048576
2023/11/03 07:34:57 [notice] 8#8: start worker processes
2023/11/03 07:34:57 [notice] 8#8: start worker process 10
2023/11/03 07:34:57 [notice] 8#8: start worker process 11
2023/11/03 07:34:57 [notice] 8#8: start worker process 12
2023/11/03 07:34:57 [notice] 8#8: start worker process 13
2023/11/03 07:34:57 [notice] 8#8: start worker process 14
2023/11/03 07:34:57 [notice] 8#8: start worker process 15
2023/11/03 07:34:57 [notice] 8#8: start worker process 16
2023/11/03 07:34:57 [notice] 8#8: start worker process 17
2023/11/03 07:34:57 [notice] 8#8: start worker process 18
2023/11/03 07:34:57 [notice] 8#8: start worker process 19
2023/11/03 07:34:57 [notice] 8#8: start worker process 20
2023/11/03 07:34:57 [notice] 8#8: start worker process 21
2023/11/03 07:34:57 [notice] 8#8: start worker process 22
2023/11/03 07:34:57 [notice] 8#8: start worker process 23
2023/11/03 07:34:57 [notice] 8#8: start worker process 24
2023/11/03 07:34:57 [notice] 8#8: start worker process 25
2023/11/03 07:34:57 [notice] 8#8: start worker process 26
2023/11/03 07:34:57 [notice] 8#8: start worker process 27
2023/11/03 07:34:57 [notice] 8#8: start worker process 28
2023/11/03 07:34:57 [notice] 8#8: start worker process 29
2023/11/03 07:34:57 [notice] 8#8: start worker process 30
2023/11/03 07:34:57 [notice] 8#8: start worker process 31
2023/11/03 07:34:57 [notice] 8#8: start worker process 32
2023/11/03 07:34:57 [notice] 8#8: start worker process 33
2023/11/03 07:34:57 [notice] 8#8: start worker process 34
2023/11/03 07:34:57 [notice] 8#8: start worker process 35
2023/11/03 07:34:57 [notice] 8#8: start worker process 36
2023/11/03 07:34:57 [notice] 8#8: start worker process 37
2023/11/03 07:34:57 [notice] 8#8: start worker process 38
2023/11/03 07:34:57 [notice] 8#8: start worker process 39
2023/11/03 07:34:57 [notice] 8#8: start worker process 40
2023/11/03 07:34:57 [notice] 8#8: start worker process 41
2023/11/03 07:37:18 [notice] 8#8: using the "epoll" event method
2023/11/03 07:37:18 [notice] 8#8: nginx/1.25.3
2023/11/03 07:37:18 [notice] 8#8: built by gcc 12.2.0 (Debian 12.2.0-14) 
2023/11/03 07:37:18 [notice] 8#8: OS: Linux 5.10.16.3-microsoft-standard-WSL2
2023/11/03 07:37:18 [notice] 8#8: getrlimit(RLIMIT_NOFILE): 1048576:1048576
2023/11/03 07:37:18 [notice] 8#8: start worker processes
2023/11/03 07:37:18 [notice] 8#8: start worker process 10
2023/11/03 07:37:18 [notice] 8#8: start worker process 11
2023/11/03 07:37:18 [notice] 8#8: start worker process 12
2023/11/03 07:37:18 [notice] 8#8: start worker process 13
2023/11/03 07:37:18 [notice] 8#8: start worker process 14
2023/11/03 07:37:18 [notice] 8#8: start worker process 15
2023/11/03 07:37:18 [notice] 8#8: start worker process 16
2023/11/03 07:37:18 [notice] 8#8: start worker process 17
2023/11/03 07:37:18 [notice] 8#8: start worker process 18
2023/11/03 07:37:18 [notice] 8#8: start worker process 19
2023/11/03 07:37:18 [notice] 8#8: start worker process 20
2023/11/03 07:37:18 [notice] 8#8: start worker process 21
2023/11/03 07:37:18 [notice] 8#8: start worker process 22
2023/11/03 07:37:18 [notice] 8#8: start worker process 23
2023/11/03 07:37:18 [notice] 8#8: start worker process 24
2023/11/03 07:37:18 [notice] 8#8: start worker process 25
2023/11/03 07:37:18 [notice] 8#8: start worker process 26
2023/11/03 07:37:18 [notice] 8#8: start worker process 27
2023/11/03 07:37:18 [notice] 8#8: start worker process 28
2023/11/03 07:37:18 [notice] 8#8: start worker process 29
2023/11/03 07:37:18 [notice] 8#8: start worker process 30
2023/11/03 07:37:18 [notice] 8#8: start worker process 31
2023/11/03 07:37:18 [notice] 8#8: start worker process 32
2023/11/03 07:37:18 [notice] 8#8: start worker process 33
2023/11/03 07:37:18 [notice] 8#8: start worker process 34
2023/11/03 07:37:18 [notice] 8#8: start worker process 35
2023/11/03 07:37:18 [notice] 8#8: start worker process 36
2023/11/03 07:37:18 [notice] 8#8: start worker process 37
2023/11/03 07:37:18 [notice] 8#8: start worker process 38
2023/11/03 07:37:18 [notice] 8#8: start worker process 39
2023/11/03 07:37:18 [notice] 8#8: start worker process 40
2023/11/03 07:37:18 [notice] 8#8: start worker process 41
2023/11/03 09:16:47 [notice] 9#9: using the "epoll" event method
2023/11/03 09:16:47 [notice] 9#9: nginx/1.25.3
2023/11/03 09:16:47 [notice] 9#9: built by gcc 12.2.0 (Debian 12.2.0-14) 
2023/11/03 09:16:47 [notice] 9#9: OS: Linux 5.10.16.3-microsoft-standard-WSL2
2023/11/03 09:16:47 [notice] 9#9: getrlimit(RLIMIT_NOFILE): 1048576:1048576
2023/11/03 09:16:47 [notice] 9#9: start worker processes
2023/11/03 09:16:47 [notice] 9#9: start worker process 10
2023/11/03 09:16:47 [notice] 9#9: start worker process 11
2023/11/03 09:16:47 [notice] 9#9: start worker process 12
2023/11/03 09:16:47 [notice] 9#9: start worker process 13
2023/11/03 09:16:47 [notice] 9#9: start worker process 14
2023/11/03 09:16:47 [notice] 9#9: start worker process 15
2023/11/03 09:16:47 [notice] 9#9: start worker process 16
2023/11/03 09:16:47 [notice] 9#9: start worker process 17
2023/11/03 09:16:47 [notice] 9#9: start worker process 18
2023/11/03 09:16:47 [notice] 9#9: start worker process 19
2023/11/03 09:16:47 [notice] 9#9: start worker process 20
2023/11/03 09:16:47 [notice] 9#9: start worker process 21
2023/11/03 09:16:47 [notice] 9#9: start worker process 22
2023/11/03 09:16:47 [notice] 9#9: start worker process 23
2023/11/03 09:16:47 [notice] 9#9: start worker process 24
2023/11/03 09:16:47 [notice] 9#9: start worker process 25
2023/11/03 09:16:47 [notice] 9#9: start worker process 26
2023/11/03 09:16:47 [notice] 9#9: start worker process 27
2023/11/03 09:16:47 [notice] 9#9: start worker process 28
2023/11/03 09:16:47 [notice] 9#9: start worker process 29
2023/11/03 09:16:47 [notice] 9#9: start worker process 30
2023/11/03 09:16:47 [notice] 9#9: start worker process 31
2023/11/03 09:16:47 [notice] 9#9: start worker process 32
2023/11/03 09:16:47 [notice] 9#9: start worker process 33
2023/11/03 09:16:47 [notice] 9#9: start worker process 34
2023/11/03 09:16:47 [notice] 9#9: start worker process 35
2023/11/03 09:16:47 [notice] 9#9: start worker process 36
2023/11/03 09:16:47 [notice] 9#9: start worker process 37
2023/11/03 09:16:47 [notice] 9#9: start worker process 38
2023/11/03 09:16:47 [notice] 9#9: start worker process 39
2023/11/03 09:16:47 [notice] 9#9: start worker process 40
2023/11/03 09:16:47 [notice] 9#9: start worker process 41
2023/11/03 09:22:18 [notice] 8#8: using the "epoll" event method
2023/11/03 09:22:18 [notice] 8#8: nginx/1.25.3
2023/11/03 09:22:18 [notice] 8#8: built by gcc 12.2.0 (Debian 12.2.0-14) 
2023/11/03 09:22:18 [notice] 8#8: OS: Linux 5.10.16.3-microsoft-standard-WSL2
2023/11/03 09:22:18 [notice] 8#8: getrlimit(RLIMIT_NOFILE): 1048576:1048576
2023/11/03 09:22:18 [notice] 8#8: start worker processes
2023/11/03 09:22:18 [notice] 8#8: start worker process 10
2023/11/03 09:22:18 [notice] 8#8: start worker process 11
2023/11/03 09:22:18 [notice] 8#8: start worker process 12
2023/11/03 09:22:18 [notice] 8#8: start worker process 13
2023/11/03 09:22:18 [notice] 8#8: start worker process 14
2023/11/03 09:22:18 [notice] 8#8: start worker process 15
2023/11/03 09:22:18 [notice] 8#8: start worker process 16
2023/11/03 09:22:18 [notice] 8#8: start worker process 17
2023/11/03 09:22:18 [notice] 8#8: start worker process 18
2023/11/03 09:22:18 [notice] 8#8: start worker process 19
2023/11/03 09:22:18 [notice] 8#8: start worker process 20
2023/11/03 09:22:18 [notice] 8#8: start worker process 21
2023/11/03 09:22:18 [notice] 8#8: start worker process 22
2023/11/03 09:22:18 [notice] 8#8: start worker process 23
2023/11/03 09:22:18 [notice] 8#8: start worker process 24
2023/11/03 09:22:18 [notice] 8#8: start worker process 25
2023/11/03 09:22:18 [notice] 8#8: start worker process 26
2023/11/03 09:22:18 [notice] 8#8: start worker process 27
2023/11/03 09:22:18 [notice] 8#8: start worker process 28
2023/11/03 09:22:18 [notice] 8#8: start worker process 29
2023/11/03 09:22:18 [notice] 8#8: start worker process 30
2023/11/03 09:22:18 [notice] 8#8: start worker process 31
2023/11/03 09:22:18 [notice] 8#8: start worker process 32
2023/11/03 09:22:18 [notice] 8#8: start worker process 33
2023/11/03 09:22:18 [notice] 8#8: start worker process 34
2023/11/03 09:22:18 [notice] 8#8: start worker process 35
2023/11/03 09:22:18 [notice] 8#8: start worker process 36
2023/11/03 09:22:18 [notice] 8#8: start worker process 37
2023/11/03 09:22:18 [notice] 8#8: start worker process 38
2023/11/03 09:22:18 [notice] 8#8: start worker process 39
2023/11/03 09:22:18 [notice] 8#8: start worker process 40
2023/11/03 09:22:18 [notice] 8#8: start worker process 41
2023/11/03 10:10:30 [notice] 9#9: using the "epoll" event method
2023/11/03 10:10:30 [notice] 9#9: nginx/1.25.3
2023/11/03 10:10:30 [notice] 9#9: built by gcc 12.2.0 (Debian 12.2.0-14) 
2023/11/03 10:10:30 [notice] 9#9: OS: Linux 5.10.16.3-microsoft-standard-WSL2
2023/11/03 10:10:30 [notice] 9#9: getrlimit(RLIMIT_NOFILE): 1048576:1048576
2023/11/03 10:10:30 [notice] 9#9: start worker processes
2023/11/03 10:10:30 [notice] 9#9: start worker process 10
2023/11/03 10:10:30 [notice] 9#9: start worker process 11
2023/11/03 10:10:30 [notice] 9#9: start worker process 12
2023/11/03 10:10:30 [notice] 9#9: start worker process 13
2023/11/03 10:10:30 [notice] 9#9: start worker process 14
2023/11/03 10:10:30 [notice] 9#9: start worker process 15
2023/11/03 10:10:30 [notice] 9#9: start worker process 16
2023/11/03 10:10:30 [notice] 9#9: start worker process 17
2023/11/03 10:10:30 [notice] 9#9: start worker process 18
2023/11/03 10:10:30 [notice] 9#9: start worker process 19
2023/11/03 10:10:30 [notice] 9#9: start worker process 20
2023/11/03 10:10:30 [notice] 9#9: start worker process 21
2023/11/03 10:10:30 [notice] 9#9: start worker process 22
2023/11/03 10:10:30 [notice] 9#9: start worker process 23
2023/11/03 10:10:30 [notice] 9#9: start worker process 24
2023/11/03 10:10:30 [notice] 9#9: start worker process 25
2023/11/03 10:10:30 [notice] 9#9: start worker process 26
2023/11/03 10:10:30 [notice] 9#9: start worker process 27
2023/11/03 10:10:30 [notice] 9#9: start worker process 28
2023/11/03 10:10:30 [notice] 9#9: start worker process 29
2023/11/03 10:10:30 [notice] 9#9: start worker process 30
2023/11/03 10:10:30 [notice] 9#9: start worker process 31
2023/11/03 10:10:30 [notice] 9#9: start worker process 32
2023/11/03 10:10:30 [notice] 9#9: start worker process 33
2023/11/03 10:10:30 [notice] 9#9: start worker process 34
2023/11/03 10:10:30 [notice] 9#9: start worker process 35
2023/11/03 10:10:30 [notice] 9#9: start worker process 36
2023/11/03 10:10:30 [notice] 9#9: start worker process 37
2023/11/03 10:10:30 [notice] 9#9: start worker process 38
2023/11/03 10:10:30 [notice] 9#9: start worker process 39
2023/11/03 10:10:30 [notice] 9#9: start worker process 40
2023/11/03 10:10:30 [notice] 9#9: start worker process 41
2023/11/03 10:22:03 [notice] 8#8: using the "epoll" event method
2023/11/03 10:22:03 [notice] 8#8: nginx/1.25.3
2023/11/03 10:22:03 [notice] 8#8: built by gcc 12.2.0 (Debian 12.2.0-14) 
2023/11/03 10:22:03 [notice] 8#8: OS: Linux 5.10.16.3-microsoft-standard-WSL2
2023/11/03 10:22:03 [notice] 8#8: getrlimit(RLIMIT_NOFILE): 1048576:1048576
2023/11/03 10:22:03 [notice] 8#8: start worker processes
2023/11/03 10:22:03 [notice] 8#8: start worker process 10
2023/11/03 10:22:03 [notice] 8#8: start worker process 11
2023/11/03 10:22:03 [notice] 8#8: start worker process 12
2023/11/03 10:22:03 [notice] 8#8: start worker process 13
2023/11/03 10:22:03 [notice] 8#8: start worker process 14
2023/11/03 10:22:03 [notice] 8#8: start worker process 15
2023/11/03 10:22:03 [notice] 8#8: start worker process 16
2023/11/03 10:22:03 [notice] 8#8: start worker process 17
2023/11/03 10:22:03 [notice] 8#8: start worker process 18
2023/11/03 10:22:03 [notice] 8#8: start worker process 19
2023/11/03 10:22:03 [notice] 8#8: start worker process 20
2023/11/03 10:22:03 [notice] 8#8: start worker process 21
2023/11/03 10:22:03 [notice] 8#8: start worker process 22
2023/11/03 10:22:03 [notice] 8#8: start worker process 23
2023/11/03 10:22:03 [notice] 8#8: start worker process 24
2023/11/03 10:22:03 [notice] 8#8: start worker process 25
2023/11/03 10:22:03 [notice] 8#8: start worker process 26
2023/11/03 10:22:03 [notice] 8#8: start worker process 27
2023/11/03 10:22:03 [notice] 8#8: start worker process 28
2023/11/03 10:22:03 [notice] 8#8: start worker process 29
2023/11/03 10:22:03 [notice] 8#8: start worker process 30
2023/11/03 10:22:03 [notice] 8#8: start worker process 31
2023/11/03 10:22:03 [notice] 8#8: start worker process 32
2023/11/03 10:22:03 [notice] 8#8: start worker process 33
2023/11/03 10:22:03 [notice] 8#8: start worker process 34
2023/11/03 10:22:03 [notice] 8#8: start worker process 35
2023/11/03 10:22:03 [notice] 8#8: start worker process 36
2023/11/03 10:22:03 [notice] 8#8: start worker process 37
2023/11/03 10:22:03 [notice] 8#8: start worker process 38
2023/11/03 10:22:03 [notice] 8#8: start worker process 39
2023/11/03 10:22:03 [notice] 8#8: start worker process 40
2023/11/03 10:22:03 [notice] 8#8: start worker process 41
2023/11/03 10:30:20 [emerg] 8#8: open() "/etc/letsencrypt/options-ssl-nginx.conf" failed (2: No such file or directory) in /etc/nginx/nginx.conf:37
2023/11/03 10:30:23 [emerg] 8#8: open() "/etc/letsencrypt/options-ssl-nginx.conf" failed (2: No such file or directory) in /etc/nginx/nginx.conf:37
2023/11/03 10:30:25 [emerg] 8#8: open() "/etc/letsencrypt/options-ssl-nginx.conf" failed (2: No such file or directory) in /etc/nginx/nginx.conf:37
2023/11/03 10:30:27 [emerg] 8#8: open() "/etc/letsencrypt/options-ssl-nginx.conf" failed (2: No such file or directory) in /etc/nginx/nginx.conf:37
2023/11/03 10:30:29 [emerg] 8#8: open() "/etc/letsencrypt/options-ssl-nginx.conf" failed (2: No such file or directory) in /etc/nginx/nginx.conf:37
2023/11/03 10:30:32 [emerg] 8#8: open() "/etc/letsencrypt/options-ssl-nginx.conf" failed (2: No such file or directory) in /etc/nginx/nginx.conf:37
2023/11/03 10:30:36 [emerg] 9#9: open() "/etc/letsencrypt/options-ssl-nginx.conf" failed (2: No such file or directory) in /etc/nginx/nginx.conf:37
2023/11/03 10:30:44 [emerg] 7#7: open() "/etc/letsencrypt/options-ssl-nginx.conf" failed (2: No such file or directory) in /etc/nginx/nginx.conf:37
2023/11/03 10:30:58 [emerg] 8#8: open() "/etc/letsencrypt/options-ssl-nginx.conf" failed (2: No such file or directory) in /etc/nginx/nginx.conf:37
2023/11/03 10:31:25 [emerg] 9#9: open() "/etc/letsencrypt/options-ssl-nginx.conf" failed (2: No such file or directory) in /etc/nginx/nginx.conf:37
2023/11/03 10:32:17 [emerg] 9#9: open() "/etc/letsencrypt/options-ssl-nginx.conf" failed (2: No such file or directory) in /etc/nginx/nginx.conf:37
2023/11/03 10:56:33 [notice] 8#8: using the "epoll" event method
2023/11/03 10:56:33 [notice] 8#8: nginx/1.25.3
2023/11/03 10:56:33 [notice] 8#8: built by gcc 12.2.0 (Debian 12.2.0-14) 
2023/11/03 10:56:33 [notice] 8#8: OS: Linux 5.10.16.3-microsoft-standard-WSL2
2023/11/03 10:56:33 [notice] 8#8: getrlimit(RLIMIT_NOFILE): 1048576:1048576
2023/11/03 10:56:33 [notice] 8#8: start worker processes
2023/11/03 10:56:33 [notice] 8#8: start worker process 10
2023/11/03 10:56:33 [notice] 8#8: start worker process 11
2023/11/03 10:56:33 [notice] 8#8: start worker process 12
2023/11/03 10:56:33 [notice] 8#8: start worker process 13
2023/11/03 10:56:33 [notice] 8#8: start worker process 14
2023/11/03 10:56:33 [notice] 8#8: start worker process 15
2023/11/03 10:56:33 [notice] 8#8: start worker process 16
2023/11/03 10:56:33 [notice] 8#8: start worker process 17
2023/11/03 10:56:33 [notice] 8#8: start worker process 18
2023/11/03 10:56:33 [notice] 8#8: start worker process 19
2023/11/03 10:56:33 [notice] 8#8: start worker process 20
2023/11/03 10:56:33 [notice] 8#8: start worker process 21
2023/11/03 10:56:33 [notice] 8#8: start worker process 22
2023/11/03 10:56:33 [notice] 8#8: start worker process 23
2023/11/03 10:56:33 [notice] 8#8: start worker process 24
2023/11/03 10:56:33 [notice] 8#8: start worker process 25
2023/11/03 10:56:33 [notice] 8#8: start worker process 26
2023/11/03 10:56:33 [notice] 8#8: start worker process 27
2023/11/03 10:56:33 [notice] 8#8: start worker process 28
2023/11/03 10:56:33 [notice] 8#8: start worker process 29
2023/11/03 10:56:33 [notice] 8#8: start worker process 30
2023/11/03 10:56:33 [notice] 8#8: start worker process 31
2023/11/03 10:56:33 [notice] 8#8: start worker process 32
2023/11/03 10:56:33 [notice] 8#8: start worker process 33
2023/11/03 10:56:33 [notice] 8#8: start worker process 34
2023/11/03 10:56:33 [notice] 8#8: start worker process 35
2023/11/03 10:56:33 [notice] 8#8: start worker process 36
2023/11/03 10:56:33 [notice] 8#8: start worker process 37
2023/11/03 10:56:33 [notice] 8#8: start worker process 38
2023/11/03 10:56:33 [notice] 8#8: start worker process 39
2023/11/03 10:56:33 [notice] 8#8: start worker process 40
2023/11/03 10:56:33 [notice] 8#8: start worker process 41
2023/11/03 10:59:41 [warn] 19#19: *41 a client request body is buffered to a temporary file /var/cache/nginx/client_temp/0000000001, client: 172.31.0.1, server: o-ogo.ru, request: "POST /allUsers/1/edit?_csrf=%24%7B_csrf.token%7D HTTP/1.1", host: "localhost", referrer: "http://localhost/allUsers/1/edit?_csrf=%24%7B_csrf.token%7D"
2023/11/03 10:59:51 [warn] 19#19: *41 a client request body is buffered to a temporary file /var/cache/nginx/client_temp/0000000002, client: 172.31.0.1, server: o-ogo.ru, request: "POST /allUsers/1/edit?_csrf=%24%7B_csrf.token%7D HTTP/1.1", host: "localhost", referrer: "http://localhost/allUsers/1/edit?_csrf=%24%7B_csrf.token%7D"
2023/11/03 11:04:37 [notice] 9#9: using the "epoll" event method
2023/11/03 11:04:37 [notice] 9#9: nginx/1.25.3
2023/11/03 11:04:37 [notice] 9#9: built by gcc 12.2.0 (Debian 12.2.0-14) 
2023/11/03 11:04:37 [notice] 9#9: OS: Linux 5.10.16.3-microsoft-standard-WSL2
2023/11/03 11:04:37 [notice] 9#9: getrlimit(RLIMIT_NOFILE): 1048576:1048576
2023/11/03 11:04:37 [notice] 9#9: start worker processes
2023/11/03 11:04:37 [notice] 9#9: start worker process 10
2023/11/03 11:04:37 [notice] 9#9: start worker process 11
2023/11/03 11:04:37 [notice] 9#9: start worker process 12
2023/11/03 11:04:37 [notice] 9#9: start worker process 13
2023/11/03 11:04:37 [notice] 9#9: start worker process 14
2023/11/03 11:04:37 [notice] 9#9: start worker process 15
2023/11/03 11:04:37 [notice] 9#9: start worker process 16
2023/11/03 11:04:37 [notice] 9#9: start worker process 17
2023/11/03 11:04:37 [notice] 9#9: start worker process 18
2023/11/03 11:04:37 [notice] 9#9: start worker process 19
2023/11/03 11:04:37 [notice] 9#9: start worker process 20
2023/11/03 11:04:37 [notice] 9#9: start worker process 21
2023/11/03 11:04:37 [notice] 9#9: start worker process 22
2023/11/03 11:04:37 [notice] 9#9: start worker process 23
2023/11/03 11:04:37 [notice] 9#9: start worker process 24
2023/11/03 11:04:37 [notice] 9#9: start worker process 25
2023/11/03 11:04:37 [notice] 9#9: start worker process 26
2023/11/03 11:04:37 [notice] 9#9: start worker process 27
2023/11/03 11:04:37 [notice] 9#9: start worker process 28
2023/11/03 11:04:37 [notice] 9#9: start worker process 29
2023/11/03 11:04:37 [notice] 9#9: start worker process 30
2023/11/03 11:04:37 [notice] 9#9: start worker process 31
2023/11/03 11:04:37 [notice] 9#9: start worker process 32
2023/11/03 11:04:37 [notice] 9#9: start worker process 33
2023/11/03 11:04:37 [notice] 9#9: start worker process 34
2023/11/03 11:04:37 [notice] 9#9: start worker process 35
2023/11/03 11:04:37 [notice] 9#9: start worker process 36
2023/11/03 11:04:37 [notice] 9#9: start worker process 37
2023/11/03 11:04:37 [notice] 9#9: start worker process 38
2023/11/03 11:04:37 [notice] 9#9: start worker process 39
2023/11/03 11:04:37 [notice] 9#9: start worker process 40
2023/11/03 11:04:37 [notice] 9#9: start worker process 41
2023/11/03 11:04:37 [error] 10#10: *1 connect() failed (111: Connection refused) while connecting to upstream, client: 192.168.0.1, server: o-ogo.ru, request: "GET /allUsers HTTP/1.1", upstream: "http://192.168.0.5:8080/allUsers", host: "localhost", referrer: "http://localhost/allUsers/1/edit?_csrf=%24%7B_csrf.token%7D"
2023/11/03 11:04:39 [error] 10#10: *1 connect() failed (111: Connection refused) while connecting to upstream, client: 192.168.0.1, server: o-ogo.ru, request: "GET /allUsers/1/edit?_csrf=%24%7B_csrf.token%7D HTTP/1.1", upstream: "http://192.168.0.5:8080/allUsers/1/edit?_csrf=%24%7B_csrf.token%7D", host: "localhost", referrer: "http://localhost/allUsers"
2023/11/04 04:57:17 [emerg] 9#9: cannot load certificate "/etc/ssl/o-ogo.crt": BIO_new_file() failed (SSL: error:80000002:system library::No such file or directory:calling fopen(/etc/ssl/o-ogo.crt, r) error:10000080:BIO routines::no such file)
2023/11/04 04:57:20 [emerg] 8#8: cannot load certificate "/etc/ssl/o-ogo.crt": BIO_new_file() failed (SSL: error:80000002:system library::No such file or directory:calling fopen(/etc/ssl/o-ogo.crt, r) error:10000080:BIO routines::no such file)
2023/11/04 04:57:22 [emerg] 8#8: cannot load certificate "/etc/ssl/o-ogo.crt": BIO_new_file() failed (SSL: error:80000002:system library::No such file or directory:calling fopen(/etc/ssl/o-ogo.crt, r) error:10000080:BIO routines::no such file)
2023/11/04 04:57:25 [emerg] 8#8: cannot load certificate "/etc/ssl/o-ogo.crt": BIO_new_file() failed (SSL: error:80000002:system library::No such file or directory:calling fopen(/etc/ssl/o-ogo.crt, r) error:10000080:BIO routines::no such file)
2023/11/04 04:57:27 [emerg] 8#8: cannot load certificate "/etc/ssl/o-ogo.crt": BIO_new_file() failed (SSL: error:80000002:system library::No such file or directory:calling fopen(/etc/ssl/o-ogo.crt, r) error:10000080:BIO routines::no such file)
